<?xml version="1.0" encoding="UTF-8"?>
<robot generator="Rebot 3.1.2 (Python 3.7.3 on win32)" generated="20191003 16:34:17.139" rpa="false">
<suite id="s1" name="Suites" source="C:\projects\python-workspace\robot-framework-api\suites">
<suite id="s1-s1" name="Student Service" source="C:\projects\python-workspace\robot-framework-api\suites\student_service">
<suite id="s1-s1-s1" name="TC 001 Get Request" source="C:\projects\python-workspace\robot-framework-api\suites\student_service\TC_001_Get_Request.robot">
<test id="s1-s1-s1-t1" name="TC_001 get the student details">
<kw name="Create Session" library="RequestsLibrary">
<doc>Create Session: create a HTTP session to a server</doc>
<arguments>
<arg>student_details</arg>
<arg>${BASE_URL}</arg>
</arguments>
<msg timestamp="20191003 16:34:16.084" level="INFO">Creating Session using : alias=student_details, url=http://thetestingworldapi.com/, headers={},                     cookies=None, auth=None, timeout=None, proxies=None, verify=False,                     debug=0 </msg>
<status status="PASS" starttime="20191003 16:34:16.083" endtime="20191003 16:34:16.084"></status>
</kw>
<kw name="Get Request" library="RequestsLibrary">
<doc>Send a GET request on the session object found using the
given `alias`</doc>
<arguments>
<arg>student_details</arg>
<arg>api/studentsDetails/${STUDENT_ID}</arg>
</arguments>
<assign>
<var>${response}</var>
</assign>
<msg timestamp="20191003 16:34:16.786" level="INFO">Get Request using : alias=student_details, uri=api/studentsDetails/1012, headers=None json=None</msg>
<msg timestamp="20191003 16:34:16.786" level="INFO">${response} = &lt;Response [200]&gt;</msg>
<status status="PASS" starttime="20191003 16:34:16.084" endtime="20191003 16:34:16.786"></status>
</kw>
<kw name="Should Be Equal As Strings" library="BuiltIn">
<doc>Fails if objects are unequal after converting them to strings.</doc>
<arguments>
<arg>${response.status_code}</arg>
<arg>200</arg>
</arguments>
<msg timestamp="20191003 16:34:16.787" level="INFO">Argument types are:
&lt;class 'int'&gt;
&lt;type 'unicode'&gt;</msg>
<status status="PASS" starttime="20191003 16:34:16.786" endtime="20191003 16:34:16.787"></status>
</kw>
<kw name="Dictionary Should Contain Value" library="Collections">
<doc>Fails if ``value`` is not found from ``dictionary``.</doc>
<arguments>
<arg>${response.json()}</arg>
<arg>true</arg>
</arguments>
<status status="PASS" starttime="20191003 16:34:16.787" endtime="20191003 16:34:16.788"></status>
</kw>
<kw name="Dictionary Should Contain Item" library="Collections">
<doc>An item of ``key`` / ``value`` must be found in a ``dictionary``.</doc>
<arguments>
<arg>${response.json()}</arg>
<arg>status</arg>
<arg>true</arg>
</arguments>
<status status="PASS" starttime="20191003 16:34:16.788" endtime="20191003 16:34:16.788"></status>
</kw>
<kw name="Get Dictionary Values" library="Collections">
<doc>Returns values of the given ``dictionary`` as a list.</doc>
<arguments>
<arg>${response.json()}</arg>
<arg>false</arg>
</arguments>
<assign>
<var>${list_output}</var>
</assign>
<msg timestamp="20191003 16:34:16.789" level="INFO">${list_output} = ['true', {'id': 1012, 'first_name': 'Sunil', 'middle_name': 'Kumar', 'last_name': 'Choudhary', 'date_of_birth': '14/05/1987'}]</msg>
<status status="PASS" starttime="20191003 16:34:16.788" endtime="20191003 16:34:16.789"></status>
</kw>
<kw name="Get From List" library="Collections">
<doc>Returns the value specified with an ``index`` from ``list``.</doc>
<arguments>
<arg>${list_output}</arg>
<arg>1</arg>
</arguments>
<assign>
<var>${dic_output}</var>
</assign>
<msg timestamp="20191003 16:34:16.789" level="INFO">${dic_output} = {'id': 1012, 'first_name': 'Sunil', 'middle_name': 'Kumar', 'last_name': 'Choudhary', 'date_of_birth': '14/05/1987'}</msg>
<status status="PASS" starttime="20191003 16:34:16.789" endtime="20191003 16:34:16.789"></status>
</kw>
<kw name="Convert To Dictionary" library="Collections">
<doc>Converts the given ``item`` to a Python ``dict`` type.</doc>
<arguments>
<arg>${dic_output}</arg>
</arguments>
<assign>
<var>${dic_output}</var>
</assign>
<msg timestamp="20191003 16:34:16.790" level="INFO">${dic_output} = {'id': 1012, 'first_name': 'Sunil', 'middle_name': 'Kumar', 'last_name': 'Choudhary', 'date_of_birth': '14/05/1987'}</msg>
<status status="PASS" starttime="20191003 16:34:16.790" endtime="20191003 16:34:16.790"></status>
</kw>
<kw name="Dictionary Should Contain Item" library="Collections">
<doc>An item of ``key`` / ``value`` must be found in a ``dictionary``.</doc>
<arguments>
<arg>${dic_output}</arg>
<arg>id</arg>
<arg>1012</arg>
</arguments>
<status status="PASS" starttime="20191003 16:34:16.790" endtime="20191003 16:34:16.790"></status>
</kw>
<kw name="Dictionary Should Contain Item" library="Collections">
<doc>An item of ``key`` / ``value`` must be found in a ``dictionary``.</doc>
<arguments>
<arg>${dic_output}</arg>
<arg>first_name</arg>
<arg>Sunil</arg>
</arguments>
<status status="PASS" starttime="20191003 16:34:16.791" endtime="20191003 16:34:16.791"></status>
</kw>
<kw name="Dictionary Should Contain Item" library="Collections">
<doc>An item of ``key`` / ``value`` must be found in a ``dictionary``.</doc>
<arguments>
<arg>${dic_output}</arg>
<arg>middle_name</arg>
<arg>Kumar</arg>
</arguments>
<status status="PASS" starttime="20191003 16:34:16.791" endtime="20191003 16:34:16.791"></status>
</kw>
<kw name="Delete All Sessions" library="RequestsLibrary" type="teardown">
<doc>Removes all the session objects</doc>
<msg timestamp="20191003 16:34:16.792" level="INFO">Delete All Sessions</msg>
<status status="PASS" starttime="20191003 16:34:16.791" endtime="20191003 16:34:16.792"></status>
</kw>
<doc>Validate the student details using API</doc>
<tags>
<tag>smoke</tag>
</tags>
<status status="PASS" starttime="20191003 16:34:16.081" endtime="20191003 16:34:16.792" critical="yes"></status>
</test>
<doc>Test to check on GET API service of testingworldapi.com</doc>
<status status="PASS" starttime="20191003 16:34:15.933" endtime="20191003 16:34:16.792"></status>
</suite>
<status status="PASS" starttime="20191003 16:34:15.930" endtime="20191003 16:34:16.794"></status>
</suite>
<doc>[https://pabot.org/?ref=log|Pabot] result from 1 executions.</doc>
<status status="PASS" starttime="20191003 16:34:15.895" endtime="20191003 16:34:16.794"></status>
</suite>
<statistics>
<total>
<stat pass="1" fail="0">Critical Tests</stat>
<stat pass="1" fail="0">All Tests</stat>
</total>
<tag>
<stat pass="1" fail="0">smoke</stat>
</tag>
<suite>
<stat pass="1" fail="0" id="s1" name="Suites">Suites</stat>
<stat pass="1" fail="0" id="s1-s1" name="Student Service">Suites.Student Service</stat>
<stat pass="1" fail="0" id="s1-s1-s1" name="TC 001 Get Request">Suites.Student Service.TC 001 Get Request</stat>
</suite>
</statistics>
<errors>
</errors>
</robot>
